2023-03-13T10:38:57+00:00 CRITICAL Uncaught Error: Class 'FrmProAppHelper' not found in /home/uufyndalhosting/public_html/inanutrifood.tritinh/wp-content/plugins/formidable/classes/views/frm-fields/back-end/field-captcha.php:9
Stack trace:
#0 /home/uufyndalhosting/public_html/inanutrifood.tritinh/wp-content/plugins/formidable/classes/models/fields/FrmFieldType.php(243): include()
#1 /home/uufyndalhosting/public_html/inanutrifood.tritinh/wp-content/plugins/formidable/classes/models/fields/FrmFieldType.php(219): FrmFieldType->include_on_form_builder('', Array)
#2 /home/uufyndalhosting/public_html/inanutrifood.tritinh/wp-content/plugins/formidable/classes/views/frm-forms/add_field.php(48): FrmFieldType->show_on_form_builder()
#3 /home/uufyndalhosting/public_html/inanutrifood.tritinh/wp-content/plugins/formidable/classes/controllers/FrmFieldsController.php(174): require('/home/uufyndalh...')
#4 /home/uufyndalhosting/public_html/inanutrifood.tritinh/wp-content/plugins/formidable/classes/controllers/FrmFieldsController.php(103): FrmFieldsController: in /home/uufyndalhosting/public_html/inanutrifood.tritinh/wp-content/plugins/formidable/classes/views/frm-fields/back-end/field-captcha.php on line 9

2023-03-13T10:39:33+00:00 CRITICAL Uncaught Error: Class 'FrmProAppHelper' not found in /home/uufyndalhosting/public_html/inanutrifood.tritinh/wp-content/plugins/formidable/classes/views/frm-fields/back-end/field-captcha.php:9
Stack trace:
#0 /home/uufyndalhosting/public_html/inanutrifood.tritinh/wp-content/plugins/formidable/classes/models/fields/FrmFieldType.php(243): include()
#1 /home/uufyndalhosting/public_html/inanutrifood.tritinh/wp-content/plugins/formidable/classes/models/fields/FrmFieldType.php(219): FrmFieldType->include_on_form_builder('', Array)
#2 /home/uufyndalhosting/public_html/inanutrifood.tritinh/wp-content/plugins/formidable/classes/views/frm-forms/add_field.php(48): FrmFieldType->show_on_form_builder()
#3 /home/uufyndalhosting/public_html/inanutrifood.tritinh/wp-content/plugins/formidable/classes/controllers/FrmFieldsController.php(174): require('/home/uufyndalh...')
#4 /home/uufyndalhosting/public_html/inanutrifood.tritinh/wp-content/plugins/formidable/classes/views/frm-forms/form.php(36): FrmFieldsController::load_single in /home/uufyndalhosting/public_html/inanutrifood.tritinh/wp-content/plugins/formidable/classes/views/frm-fields/back-end/field-captcha.php on line 9

2023-03-13T10:39:57+00:00 CRITICAL Uncaught Error: Class 'FrmProAppHelper' not found in /home/uufyndalhosting/public_html/inanutrifood.tritinh/wp-content/plugins/formidable/classes/views/frm-fields/back-end/field-captcha.php:9
Stack trace:
#0 /home/uufyndalhosting/public_html/inanutrifood.tritinh/wp-content/plugins/formidable/classes/models/fields/FrmFieldType.php(243): include()
#1 /home/uufyndalhosting/public_html/inanutrifood.tritinh/wp-content/plugins/formidable/classes/models/fields/FrmFieldType.php(219): FrmFieldType->include_on_form_builder('', Array)
#2 /home/uufyndalhosting/public_html/inanutrifood.tritinh/wp-content/plugins/formidable/classes/views/frm-forms/add_field.php(48): FrmFieldType->show_on_form_builder()
#3 /home/uufyndalhosting/public_html/inanutrifood.tritinh/wp-content/plugins/formidable/classes/controllers/FrmFieldsController.php(174): require('/home/uufyndalh...')
#4 /home/uufyndalhosting/public_html/inanutrifood.tritinh/wp-content/plugins/formidable/classes/views/frm-forms/form.php(36): FrmFieldsController::load_single in /home/uufyndalhosting/public_html/inanutrifood.tritinh/wp-content/plugins/formidable/classes/views/frm-fields/back-end/field-captcha.php on line 9

2023-03-13T12:04:37+00:00 CRITICAL Uncaught Error: Class 'FrmProAppHelper' not found in /home/uufyndalhosting/public_html/inanutrifood.tritinh/wp-content/plugins/formidable/classes/views/frm-fields/back-end/field-captcha.php:9
Stack trace:
#0 /home/uufyndalhosting/public_html/inanutrifood.tritinh/wp-content/plugins/formidable/classes/models/fields/FrmFieldType.php(243): include()
#1 /home/uufyndalhosting/public_html/inanutrifood.tritinh/wp-content/plugins/formidable/classes/models/fields/FrmFieldType.php(219): FrmFieldType->include_on_form_builder('', Array)
#2 /home/uufyndalhosting/public_html/inanutrifood.tritinh/wp-content/plugins/formidable/classes/views/frm-forms/add_field.php(48): FrmFieldType->show_on_form_builder()
#3 /home/uufyndalhosting/public_html/inanutrifood.tritinh/wp-content/plugins/formidable/classes/controllers/FrmFieldsController.php(174): require('/home/uufyndalh...')
#4 /home/uufyndalhosting/public_html/inanutrifood.tritinh/wp-content/plugins/formidable/classes/views/frm-forms/form.php(36): FrmFieldsController::load_single in /home/uufyndalhosting/public_html/inanutrifood.tritinh/wp-content/plugins/formidable/classes/views/frm-fields/back-end/field-captcha.php on line 9

2023-03-13T12:05:22+00:00 CRITICAL Uncaught Error: Class 'FrmProAppHelper' not found in /home/uufyndalhosting/public_html/inanutrifood.tritinh/wp-content/plugins/formidable/classes/views/frm-fields/back-end/field-captcha.php:9
Stack trace:
#0 /home/uufyndalhosting/public_html/inanutrifood.tritinh/wp-content/plugins/formidable/classes/models/fields/FrmFieldType.php(243): include()
#1 /home/uufyndalhosting/public_html/inanutrifood.tritinh/wp-content/plugins/formidable/classes/models/fields/FrmFieldType.php(219): FrmFieldType->include_on_form_builder('', Array)
#2 /home/uufyndalhosting/public_html/inanutrifood.tritinh/wp-content/plugins/formidable/classes/views/frm-forms/add_field.php(48): FrmFieldType->show_on_form_builder()
#3 /home/uufyndalhosting/public_html/inanutrifood.tritinh/wp-content/plugins/formidable/classes/controllers/FrmFieldsController.php(174): require('/home/uufyndalh...')
#4 /home/uufyndalhosting/public_html/inanutrifood.tritinh/wp-content/plugins/formidable/classes/views/frm-forms/form.php(36): FrmFieldsController::load_single in /home/uufyndalhosting/public_html/inanutrifood.tritinh/wp-content/plugins/formidable/classes/views/frm-fields/back-end/field-captcha.php on line 9

2023-03-13T12:05:42+00:00 CRITICAL Uncaught Error: Class 'FrmProAppHelper' not found in /home/uufyndalhosting/public_html/inanutrifood.tritinh/wp-content/plugins/formidable/classes/views/frm-fields/back-end/field-captcha.php:9
Stack trace:
#0 /home/uufyndalhosting/public_html/inanutrifood.tritinh/wp-content/plugins/formidable/classes/models/fields/FrmFieldType.php(243): include()
#1 /home/uufyndalhosting/public_html/inanutrifood.tritinh/wp-content/plugins/formidable/classes/models/fields/FrmFieldType.php(219): FrmFieldType->include_on_form_builder('', Array)
#2 /home/uufyndalhosting/public_html/inanutrifood.tritinh/wp-content/plugins/formidable/classes/views/frm-forms/add_field.php(48): FrmFieldType->show_on_form_builder()
#3 /home/uufyndalhosting/public_html/inanutrifood.tritinh/wp-content/plugins/formidable/classes/controllers/FrmFieldsController.php(174): require('/home/uufyndalh...')
#4 /home/uufyndalhosting/public_html/inanutrifood.tritinh/wp-content/plugins/formidable/classes/views/frm-forms/form.php(36): FrmFieldsController::load_single in /home/uufyndalhosting/public_html/inanutrifood.tritinh/wp-content/plugins/formidable/classes/views/frm-fields/back-end/field-captcha.php on line 9

2023-03-13T12:06:58+00:00 CRITICAL Uncaught Error: Class 'FrmProAppHelper' not found in /home/uufyndalhosting/public_html/inanutrifood.tritinh/wp-content/plugins/formidable/classes/views/frm-fields/back-end/field-captcha.php:9
Stack trace:
#0 /home/uufyndalhosting/public_html/inanutrifood.tritinh/wp-content/plugins/formidable/classes/models/fields/FrmFieldType.php(243): include()
#1 /home/uufyndalhosting/public_html/inanutrifood.tritinh/wp-content/plugins/formidable/classes/models/fields/FrmFieldType.php(219): FrmFieldType->include_on_form_builder('', Array)
#2 /home/uufyndalhosting/public_html/inanutrifood.tritinh/wp-content/plugins/formidable/classes/views/frm-forms/add_field.php(48): FrmFieldType->show_on_form_builder()
#3 /home/uufyndalhosting/public_html/inanutrifood.tritinh/wp-content/plugins/formidable/classes/controllers/FrmFieldsController.php(174): require('/home/uufyndalh...')
#4 /home/uufyndalhosting/public_html/inanutrifood.tritinh/wp-content/plugins/formidable/classes/views/frm-forms/form.php(36): FrmFieldsController::load_single in /home/uufyndalhosting/public_html/inanutrifood.tritinh/wp-content/plugins/formidable/classes/views/frm-fields/back-end/field-captcha.php on line 9

2023-03-13T12:07:06+00:00 CRITICAL Uncaught Error: Class 'FrmProAppHelper' not found in /home/uufyndalhosting/public_html/inanutrifood.tritinh/wp-content/plugins/formidable/classes/views/frm-fields/back-end/field-captcha.php:9
Stack trace:
#0 /home/uufyndalhosting/public_html/inanutrifood.tritinh/wp-content/plugins/formidable/classes/models/fields/FrmFieldType.php(243): include()
#1 /home/uufyndalhosting/public_html/inanutrifood.tritinh/wp-content/plugins/formidable/classes/models/fields/FrmFieldType.php(219): FrmFieldType->include_on_form_builder('', Array)
#2 /home/uufyndalhosting/public_html/inanutrifood.tritinh/wp-content/plugins/formidable/classes/views/frm-forms/add_field.php(48): FrmFieldType->show_on_form_builder()
#3 /home/uufyndalhosting/public_html/inanutrifood.tritinh/wp-content/plugins/formidable/classes/controllers/FrmFieldsController.php(174): require('/home/uufyndalh...')
#4 /home/uufyndalhosting/public_html/inanutrifood.tritinh/wp-content/plugins/formidable/classes/views/frm-forms/form.php(36): FrmFieldsController::load_single in /home/uufyndalhosting/public_html/inanutrifood.tritinh/wp-content/plugins/formidable/classes/views/frm-fields/back-end/field-captcha.php on line 9

