2023-03-14T01:26:52+00:00 CRITICAL Uncaught Error: Class 'FrmProAppHelper' not found in /home/uufyndalhosting/public_html/inanutrifood.tritinh/wp-content/plugins/formidable/classes/views/frm-fields/back-end/field-captcha.php:9
Stack trace:
#0 /home/uufyndalhosting/public_html/inanutrifood.tritinh/wp-content/plugins/formidable/classes/models/fields/FrmFieldType.php(243): include()
#1 /home/uufyndalhosting/public_html/inanutrifood.tritinh/wp-content/plugins/formidable/classes/models/fields/FrmFieldType.php(219): FrmFieldType->include_on_form_builder('', Array)
#2 /home/uufyndalhosting/public_html/inanutrifood.tritinh/wp-content/plugins/formidable/classes/views/frm-forms/add_field.php(48): FrmFieldType->show_on_form_builder()
#3 /home/uufyndalhosting/public_html/inanutrifood.tritinh/wp-content/plugins/formidable/classes/controllers/FrmFieldsController.php(174): require('/home/uufyndalh...')
#4 /home/uufyndalhosting/public_html/inanutrifood.tritinh/wp-content/plugins/formidable/classes/views/frm-forms/form.php(36): FrmFieldsController::load_single in /home/uufyndalhosting/public_html/inanutrifood.tritinh/wp-content/plugins/formidable/classes/views/frm-fields/back-end/field-captcha.php on line 9

2023-03-14T01:28:07+00:00 CRITICAL Uncaught Error: Class 'FrmProAppHelper' not found in /home/uufyndalhosting/public_html/inanutrifood.tritinh/wp-content/plugins/formidable/classes/views/frm-fields/back-end/field-captcha.php:9
Stack trace:
#0 /home/uufyndalhosting/public_html/inanutrifood.tritinh/wp-content/plugins/formidable/classes/models/fields/FrmFieldType.php(243): include()
#1 /home/uufyndalhosting/public_html/inanutrifood.tritinh/wp-content/plugins/formidable/classes/models/fields/FrmFieldType.php(219): FrmFieldType->include_on_form_builder('', Array)
#2 /home/uufyndalhosting/public_html/inanutrifood.tritinh/wp-content/plugins/formidable/classes/views/frm-forms/add_field.php(48): FrmFieldType->show_on_form_builder()
#3 /home/uufyndalhosting/public_html/inanutrifood.tritinh/wp-content/plugins/formidable/classes/controllers/FrmFieldsController.php(174): require('/home/uufyndalh...')
#4 /home/uufyndalhosting/public_html/inanutrifood.tritinh/wp-content/plugins/formidable/classes/views/frm-forms/form.php(36): FrmFieldsController::load_single in /home/uufyndalhosting/public_html/inanutrifood.tritinh/wp-content/plugins/formidable/classes/views/frm-fields/back-end/field-captcha.php on line 9

2023-03-14T01:32:00+00:00 CRITICAL Uncaught Error: Class 'FrmProAppHelper' not found in /home/uufyndalhosting/public_html/inanutrifood.tritinh/wp-content/plugins/formidable/classes/views/frm-fields/back-end/field-captcha.php:9
Stack trace:
#0 /home/uufyndalhosting/public_html/inanutrifood.tritinh/wp-content/plugins/formidable/classes/models/fields/FrmFieldType.php(243): include()
#1 /home/uufyndalhosting/public_html/inanutrifood.tritinh/wp-content/plugins/formidable/classes/models/fields/FrmFieldType.php(219): FrmFieldType->include_on_form_builder('', Array)
#2 /home/uufyndalhosting/public_html/inanutrifood.tritinh/wp-content/plugins/formidable/classes/views/frm-forms/add_field.php(48): FrmFieldType->show_on_form_builder()
#3 /home/uufyndalhosting/public_html/inanutrifood.tritinh/wp-content/plugins/formidable/classes/controllers/FrmFieldsController.php(174): require('/home/uufyndalh...')
#4 /home/uufyndalhosting/public_html/inanutrifood.tritinh/wp-content/plugins/formidable/classes/views/frm-forms/form.php(36): FrmFieldsController::load_single in /home/uufyndalhosting/public_html/inanutrifood.tritinh/wp-content/plugins/formidable/classes/views/frm-fields/back-end/field-captcha.php on line 9

2023-03-14T02:25:31+00:00 CRITICAL Uncaught Error: Class 'FrmProAppHelper' not found in /home/uufyndalhosting/public_html/inanutrifood.tritinh/wp-content/plugins/formidable/classes/views/frm-fields/back-end/field-captcha.php:9
Stack trace:
#0 /home/uufyndalhosting/public_html/inanutrifood.tritinh/wp-content/plugins/formidable/classes/models/fields/FrmFieldType.php(243): include()
#1 /home/uufyndalhosting/public_html/inanutrifood.tritinh/wp-content/plugins/formidable/classes/models/fields/FrmFieldType.php(219): FrmFieldType->include_on_form_builder('', Array)
#2 /home/uufyndalhosting/public_html/inanutrifood.tritinh/wp-content/plugins/formidable/classes/views/frm-forms/add_field.php(48): FrmFieldType->show_on_form_builder()
#3 /home/uufyndalhosting/public_html/inanutrifood.tritinh/wp-content/plugins/formidable/classes/controllers/FrmFieldsController.php(174): require('/home/uufyndalh...')
#4 /home/uufyndalhosting/public_html/inanutrifood.tritinh/wp-content/plugins/formidable/classes/views/frm-forms/form.php(36): FrmFieldsController::load_single in /home/uufyndalhosting/public_html/inanutrifood.tritinh/wp-content/plugins/formidable/classes/views/frm-fields/back-end/field-captcha.php on line 9

2023-03-14T02:25:54+00:00 CRITICAL Uncaught Error: Class 'FrmProAppHelper' not found in /home/uufyndalhosting/public_html/inanutrifood.tritinh/wp-content/plugins/formidable/classes/views/frm-fields/back-end/field-captcha.php:9
Stack trace:
#0 /home/uufyndalhosting/public_html/inanutrifood.tritinh/wp-content/plugins/formidable/classes/models/fields/FrmFieldType.php(243): include()
#1 /home/uufyndalhosting/public_html/inanutrifood.tritinh/wp-content/plugins/formidable/classes/models/fields/FrmFieldType.php(219): FrmFieldType->include_on_form_builder('', Array)
#2 /home/uufyndalhosting/public_html/inanutrifood.tritinh/wp-content/plugins/formidable/classes/views/frm-forms/add_field.php(48): FrmFieldType->show_on_form_builder()
#3 /home/uufyndalhosting/public_html/inanutrifood.tritinh/wp-content/plugins/formidable/classes/controllers/FrmFieldsController.php(174): require('/home/uufyndalh...')
#4 /home/uufyndalhosting/public_html/inanutrifood.tritinh/wp-content/plugins/formidable/classes/views/frm-forms/form.php(36): FrmFieldsController::load_single in /home/uufyndalhosting/public_html/inanutrifood.tritinh/wp-content/plugins/formidable/classes/views/frm-fields/back-end/field-captcha.php on line 9

2023-03-14T02:37:19+00:00 CRITICAL syntax error, unexpected 'ngay’' (T_STRING), expecting ')' in /home/uufyndalhosting/public_html/inanutrifood.tritinh/wp-content/themes/flatsome/functions.php on line 40

2023-03-14T02:37:19+00:00 CRITICAL syntax error, unexpected 'ngay’' (T_STRING), expecting ')' in /home/uufyndalhosting/public_html/inanutrifood.tritinh/wp-content/themes/flatsome/functions.php on line 40

2023-03-14T07:40:42+00:00 CRITICAL Uncaught Error: Class 'FrmProAppHelper' not found in /home/uufyndalhosting/public_html/inanutrifood.tritinh/wp-content/plugins/formidable/classes/views/frm-fields/back-end/field-captcha.php:9
Stack trace:
#0 /home/uufyndalhosting/public_html/inanutrifood.tritinh/wp-content/plugins/formidable/classes/models/fields/FrmFieldType.php(243): include()
#1 /home/uufyndalhosting/public_html/inanutrifood.tritinh/wp-content/plugins/formidable/classes/models/fields/FrmFieldType.php(219): FrmFieldType->include_on_form_builder('', Array)
#2 /home/uufyndalhosting/public_html/inanutrifood.tritinh/wp-content/plugins/formidable/classes/views/frm-forms/add_field.php(48): FrmFieldType->show_on_form_builder()
#3 /home/uufyndalhosting/public_html/inanutrifood.tritinh/wp-content/plugins/formidable/classes/controllers/FrmFieldsController.php(174): require('/home/uufyndalh...')
#4 /home/uufyndalhosting/public_html/inanutrifood.tritinh/wp-content/plugins/formidable/classes/views/frm-forms/form.php(36): FrmFieldsController::load_single in /home/uufyndalhosting/public_html/inanutrifood.tritinh/wp-content/plugins/formidable/classes/views/frm-fields/back-end/field-captcha.php on line 9

